<?xml version="1.0" encoding="UTF-8"?>
<testsuite name="BookStoreTest" tests="14" skipped="0" failures="0" errors="0" timestamp="2018-05-09T11:19:15" hostname="Deepanshus-MacBook-Air.local" time="0.007">
  <properties/>
  <testcase name="fourDifferentBooks" classname="BookStoreTest" time="0.001"/>
  <testcase name="threeDifferentBooks" classname="BookStoreTest" time="0.0"/>
  <testcase name="groupOfFourPlusGroupOfTwoIsCheaperThanTwoGroupsOfThree" classname="BookStoreTest" time="0.0"/>
  <testcase name="onlyASingleBook" classname="BookStoreTest" time="0.0"/>
  <testcase name="threeCopiesOfFirstBookAnd2EachOfRemaining" classname="BookStoreTest" time="0.0"/>
  <testcase name="fiveDifferentBooks" classname="BookStoreTest" time="0.0"/>
  <testcase name="twoOfSameBook" classname="BookStoreTest" time="0.0"/>
  <testcase name="emptyBasket" classname="BookStoreTest" time="0.001"/>
  <testcase name="twoEachOfFirst4BooksAnd1CopyEachOfRest" classname="BookStoreTest" time="0.0"/>
  <testcase name="twoCopiesOfEachBook" classname="BookStoreTest" time="0.0"/>
  <testcase name="fourGroupsOfFourAreCheaperThanTwoGroupsEachOfFiveAndThree" classname="BookStoreTest" time="0.0"/>
  <testcase name="twoGroupsOfFourIsCheaperThanGroupOfFivePlusGroupOfThree" classname="BookStoreTest" time="0.0"/>
  <testcase name="twoDifferentBooks" classname="BookStoreTest" time="0.0"/>
  <testcase name="threeEachOFirst2BooksAnd2EachOfRemainingBooks" classname="BookStoreTest" time="0.0"/>
  <system-out><![CDATA[]]></system-out>
  <system-err><![CDATA[]]></system-err>
</testsuite>
